  main.cpp
C:\Users\thewi\Downloads\New folder (2)\main.cpp(5,9): warning C4005: '_USE_MATH_DEFINES': macro redefinition
      C:\Users\thewi\Downloads\New folder (2)\main.cpp(5,9):
      '_USE_MATH_DEFINES' previously declared on the command line
  
C:\Users\thewi\Downloads\New folder (2)\CivilizationAI.h(193,51): warning C4267: 'return': conversion from 'size_t' to 'int', possible loss of data
  (compiling source file 'main.cpp')
  
C:\Users\thewi\Downloads\New folder (2)\main.cpp(207,28): warning C4267: 'argument': conversion from 'size_t' to 'GLsizei', possible loss of data
C:\Users\thewi\Downloads\New folder (2)\main.cpp(219,28): warning C4267: 'argument': conversion from 'size_t' to 'GLsizei', possible loss of data
C:\Users\thewi\Downloads\New folder (2)\main.cpp(352,21): warning C4244: 'initializing': conversion from 'double' to 'float', possible loss of data
C:\Users\thewi\Downloads\New folder (2)\main.cpp(376,59): warning C4244: 'argument': conversion from 'int' to 'float', possible loss of data
C:\Users\thewi\Downloads\New folder (2)\main.cpp(376,41): warning C4244: 'argument': conversion from 'int' to 'float', possible loss of data
C:\Users\thewi\Downloads\New folder (2)\main.cpp(393,22): warning C4267: 'initializing': conversion from 'size_t' to 'int', possible loss of data
C:\Users\thewi\Downloads\New folder (2)\main.cpp(394,28): warning C4267: 'initializing': conversion from 'size_t' to 'int', possible loss of data
C:\Users\thewi\Downloads\New folder (2)\main.cpp(678,20): warning C4244: 'initializing': conversion from 'double' to 'float', possible loss of data
C:\Users\thewi\Downloads\New folder (2)\main.cpp(682,20): warning C4244: 'initializing': conversion from 'double' to 'float', possible loss of data
C:\Users\thewi\Downloads\New folder (2)\main.cpp(688,23): warning C4244: 'initializing': conversion from 'double' to 'float', possible loss of data
C:\Users\thewi\Downloads\New folder (2)\main.cpp(750,25): warning C4244: 'initializing': conversion from 'double' to 'float', possible loss of data
C:\Users\thewi\Downloads\New folder (2)\main.cpp(956,16): warning C4244: 'argument': conversion from 'int' to 'GLfloat', possible loss of data
C:\Users\thewi\Downloads\New folder (2)\main.cpp(957,16): warning C4244: 'argument': conversion from 'int' to 'GLfloat', possible loss of data
C:\Users\thewi\Downloads\New folder (2)\main.cpp(1109,50): warning C4244: 'argument': conversion from 'int' to 'float', possible loss of data
C:\Users\thewi\Downloads\New folder (2)\main.cpp(1109,28): warning C4244: 'argument': conversion from 'int' to 'float', possible loss of data
C:\Users\thewi\Downloads\New folder (2)\main.cpp(1112,50): warning C4244: 'argument': conversion from 'int' to 'float', possible loss of data
C:\Users\thewi\Downloads\New folder (2)\main.cpp(1112,28): warning C4244: 'argument': conversion from 'int' to 'float', possible loss of data
C:\Users\thewi\Downloads\New folder (2)\main.cpp(1115,50): warning C4244: 'argument': conversion from 'int' to 'float', possible loss of data
C:\Users\thewi\Downloads\New folder (2)\main.cpp(1115,28): warning C4244: 'argument': conversion from 'int' to 'float', possible loss of data
C:\Users\thewi\Downloads\New folder (2)\main.cpp(1217,24): warning C4244: 'initializing': conversion from 'double' to 'float', possible loss of data
C:\Users\thewi\Downloads\New folder (2)\main.cpp(1228,24): warning C4244: 'initializing': conversion from 'double' to 'float', possible loss of data
  NeuralCivilization.vcxproj -> C:\Users\thewi\Downloads\New folder (2)\x64\Debug\NeuralCivilization.exe
  'pwsh.exe' is not recognized as an internal or external command,
  operable program or batch file.
  0 File(s) copied
